<?xml version="1.0" encoding="UTF-8"?>
<!-- Generated by org.testng.reporters.JUnitXMLReporter -->
<testsuite ignored="0" hostname="Shubha" failures="1" tests="1" name="Test" time="6.827" errors="0" timestamp="2024-01-16T14:52:29 IST">
  <testcase classname="sel2.DataDrivenTest_ExcelTestNG_DataProvider" name="@AfterTest tearDown" time="0.013">
    <failure type="java.lang.NullPointerException" message="Cannot invoke &amp;quot;org.openqa.selenium.WebDriver.close()&amp;quot; because &amp;quot;this.driver&amp;quot; is null">
      <![CDATA[java.lang.NullPointerException: Cannot invoke "org.openqa.selenium.WebDriver.close()" because "this.driver" is null
at sel2.DataDrivenTest_ExcelTestNG_DataProvider.tearDown(DataDrivenTest_ExcelTestNG_DataProvider.java:180)
... Removed 24 stack frames]]>
    </failure>
  </testcase> <!-- @AfterTest tearDown -->
  <testcase classname="sel2.DataDrivenTest_ExcelTestNG_DataProvider" name="loginTest" time="0.0">
    <failure type="java.lang.RuntimeException" message="java.lang.Error: Unresolved compilation problems: 
	XLUtility cannot be resolved to a type
	XLUtility cannot be resolved to a type
	XLUtility cannot be resolved to a type
	XLUtility cannot be resolved to a type
">
      <![CDATA[java.lang.RuntimeException: java.lang.Error: Unresolved compilation problems: 
XLUtility cannot be resolved to a type
XLUtility cannot be resolved to a type
XLUtility cannot be resolved to a type
XLUtility cannot be resolved to a type

at java.base/java.util.ArrayList.forEach(ArrayList.java:1511)
Caused by: java.lang.Error: Unresolved compilation problems: 
XLUtility cannot be resolved to a type
XLUtility cannot be resolved to a type
XLUtility cannot be resolved to a type
XLUtility cannot be resolved to a type

at sel2.DataDrivenTest_ExcelTestNG_DataProvider.getData(DataDrivenTest_ExcelTestNG_DataProvider.java:135)
... 25 more
... Removed 32 stack frames]]>
    </failure>
  </testcase> <!-- loginTest -->
</testsuite> <!-- Test -->
