<?xml version="1.0" encoding="UTF-8"?>
<!-- Generated by org.testng.reporters.JUnitReportReporter -->
<testsuite hostname="Shubha" failures="0" tests="4" name="sel2.Login_Validation" time="278.220" errors="0" timestamp="2024-01-16T16:40:11 IST" skipped="0">
  <testcase classname="sel2.Login_Validation" name="loginTest" time="187.616"/>
  <testcase classname="sel2.Login_Validation" name="loginTest" time="26.809"/>
  <testcase classname="sel2.Login_Validation" name="loginTest" time="31.803"/>
  <testcase classname="sel2.Login_Validation" name="loginTest" time="31.992"/>
</testsuite> <!-- sel2.Login_Validation -->
